Line 22: Class Crystal.CrystalReport of control cryMovetags was not a loaded control class.
Line 178: Class MSGrid.Grid of control grdMoveTags was not a loaded control class.
Line 25: The property name _version in cryMovetags is invalid.
Line 26: The property name _extentx in cryMovetags is invalid.
Line 27: The property name _extenty in cryMovetags is invalid.
Line 28: The property name _stockprops in cryMovetags is invalid.
Line 29: The property name reportfilename in cryMovetags is invalid.
Line 30: The property name destination in cryMovetags is invalid.
Line 31: The property name windowleft in cryMovetags is invalid.
Line 32: The property name windowtop in cryMovetags is invalid.
Line 33: The property name windowwidth in cryMovetags is invalid.
Line 34: The property name windowheight in cryMovetags is invalid.
Line 35: The property name windowtitle in cryMovetags is invalid.
Line 36: The property name windowborderstyle in cryMovetags is invalid.
Line 37: The property name windowcontrolbox in cryMovetags is invalid.
Line 38: The property name windowmaxbutton in cryMovetags is invalid.
Line 39: The property name windowminbutton in cryMovetags is invalid.
Line 40: The property name copiestoprinter in cryMovetags is invalid.
Line 41: The property name printfilename in cryMovetags is invalid.
Line 42: The property name printfiletype in cryMovetags is invalid.
Line 43: The property name selectionformula in cryMovetags is invalid.
Line 44: The property name groupselectionformula in cryMovetags is invalid.
Line 45: The property name connect in cryMovetags is invalid.
Line 46: The property name username in cryMovetags is invalid.
Line 47: The property name reportsource in cryMovetags is invalid.
Line 48: The property name boundreportheading in cryMovetags is invalid.
Line 49: The property name boundreportfooter in cryMovetags is invalid.
Line 50: The property name sqlquery in cryMovetags is invalid.
Line 51: The property name discardsaveddata in cryMovetags is invalid.
Line 52: The property name windowcontrols in cryMovetags is invalid.
Line 53: The property name printerdriver in cryMovetags is invalid.
Line 54: The property name printername in cryMovetags is invalid.
Line 55: The property name printerport in cryMovetags is invalid.
Line 56: The property name detailcopies in cryMovetags is invalid.
Line 57: The property name printerstartpage in cryMovetags is invalid.
Line 58: The property name printerstoppage in cryMovetags is invalid.
Line 59: The property name printercollation in cryMovetags is invalid.
Line 60: The property name windowstate in cryMovetags is invalid.
Line 61: The property name marginleft in cryMovetags is invalid.
Line 62: The property name marginright in cryMovetags is invalid.
Line 63: The property name margintop in cryMovetags is invalid.
Line 64: The property name marginbottom in cryMovetags is invalid.
Line 65: The property name printfileuserptnumberfmt in cryMovetags is invalid.
Line 66: The property name printfileuserptdatefmt in cryMovetags is invalid.
Line 67: The property name printfilecharsepseperator in cryMovetags is invalid.
Line 68: The property name printfilecharsepquote in cryMovetags is invalid.
Line 69: The property name emailsubject in cryMovetags is invalid.
Line 70: The property name emailmessage in cryMovetags is invalid.
Line 71: The property name emailtolist in cryMovetags is invalid.
Line 72: The property name emailcclist in cryMovetags is invalid.
Line 73: The property name emailvimbcclist in cryMovetags is invalid.
Line 74: The property name progressdialog in cryMovetags is invalid.
Line 75: The property name exchangeprofile in cryMovetags is invalid.
Line 76: The property name exchangepassword in cryMovetags is invalid.
Line 77: The property name exchangefolder in cryMovetags is invalid.
Line 78: The property name printfileodbcsource in cryMovetags is invalid.
Line 79: The property name printfileodbcuser in cryMovetags is invalid.
Line 80: The property name printfileodbcpassword in cryMovetags is invalid.
Line 81: The property name printfileodbctable in cryMovetags is invalid.
Line 82: The property name printfilelinesperpage in cryMovetags is invalid.
Line 83: The property name reporttitle in cryMovetags is invalid.
Line 84: The property name gridsource in cryMovetags is invalid.
Line 85: The property name windowshowgrouptree in cryMovetags is invalid.
Line 86: The property name windowallowdrilldown in cryMovetags is invalid.
Line 87: The property name windowshownavigationctls in cryMovetags is invalid.
Line 88: The property name windowshowcancelbtn in cryMovetags is invalid.
Line 89: The property name windowshowprintbtn in cryMovetags is invalid.
Line 90: The property name windowshowexportbtn in cryMovetags is invalid.
Line 91: The property name windowshowzoomctl in cryMovetags is invalid.
Line 92: The property name windowshowclosebtn in cryMovetags is invalid.
Line 93: The property name windowshowprogressctls in cryMovetags is invalid.
Line 94: The property name windowshowsearchbtn in cryMovetags is invalid.
Line 95: The property name windowshowprintsetupbtn in cryMovetags is invalid.
Line 96: The property name windowshowrefreshbtn in cryMovetags is invalid.
Line 184: The property name _version in grdMoveTags is invalid.
Line 185: The property name _extentx in grdMoveTags is invalid.
Line 186: The property name _extenty in grdMoveTags is invalid.
Line 187: The property name _stockprops in grdMoveTags is invalid.
Line 190: The property name rows in grdMoveTags is invalid.
Line 191: The property name cols in grdMoveTags is invalid.
Line 192: The property name fixedrows in grdMoveTags is invalid.
Line 193: The property name fixedcols in grdMoveTags is invalid.
Line 194: The property name scrollbars in grdMoveTags is invalid.
Line 195: The property name highlight in grdMoveTags is invalid.
Line 178: Property MouseIcon in grdMoveTags could not be set.
